# JRE version: OpenJDK Runtime Environment (8.0_152-b01) (build 1.8.0_152-release-1343-b01)
# Java VM: OpenJDK 64-Bit Server VM (25.152-b01 mixed mode windows-amd64 compressed oops)
Heap:
 PSYoungGen      total 329728K, used 223586K [0x00000000e0000000, 0x00000000f6d80000, 0x0000000100000000)
  eden space 292352K, 75% used [0x00000000e0000000,0x00000000ed7c8b38,0x00000000f1d80000)
  from space 37376K, 7% used [0x00000000f4900000,0x00000000f4b90000,0x00000000f6d80000)
  to   space 40960K, 0% used [0x00000000f1d80000,0x00000000f1d80000,0x00000000f4580000)
 ParOldGen       total 160256K, used 78206K [0x00000000a0000000, 0x00000000a9c80000, 0x00000000e0000000)
  object space 160256K, 48% used [0x00000000a0000000,0x00000000a4c5f960,0x00000000a9c80000)
 Metaspace       used 69910K, capacity 72090K, committed 72152K, reserved 1112064K
  class space    used 8943K, capacity 9435K, committed 9472K, reserved 1048576K
GC Heap History (10 events):
Event: 18.418 GC heap before
{Heap before GC invocations=21 (full 3):
 PSYoungGen      total 263680K, used 262559K [0x00000000e0000000, 0x00000000f3800000, 0x0000000100000000)
  eden space 229376K, 100% used [0x00000000e0000000,0x00000000ee000000,0x00000000ee000000)
  from space 34304K, 96% used [0x00000000ee000000,0x00000000f0067d08,0x00000000f0180000)
  to   space 31232K, 0% used [0x00000000f0180000,0x00000000f0180000,0x00000000f2000000)
 ParOldGen       total 160256K, used 43711K [0x00000000a0000000, 0x00000000a9c80000, 0x00000000e0000000)
  object space 160256K, 27% used [0x00000000a0000000,0x00000000a2aaff70,0x00000000a9c80000)
 Metaspace       used 68924K, capacity 71100K, committed 71256K, reserved 1112064K
  class space    used 8838K, capacity 9324K, committed 9344K, reserved 1048576K
Event: 18.448 GC heap after
Heap after GC invocations=21 (full 3):
 PSYoungGen      total 260608K, used 23253K [0x00000000e0000000, 0x00000000f3800000, 0x0000000100000000)
  eden space 229376K, 0% used [0x00000000e0000000,0x00000000e0000000,0x00000000ee000000)
  from space 31232K, 74% used [0x00000000f0180000,0x00000000f1835570,0x00000000f2000000)
  to   space 34304K, 0% used [0x00000000ee000000,0x00000000ee000000,0x00000000f0180000)
 ParOldGen       total 160256K, used 57646K [0x00000000a0000000, 0x00000000a9c80000, 0x00000000e0000000)
  object space 160256K, 35% used [0x00000000a0000000,0x00000000a384b810,0x00000000a9c80000)
 Metaspace       used 68924K, capacity 71100K, committed 71256K, reserved 1112064K
  class space    used 8838K, capacity 9324K, committed 9344K, reserved 1048576K
}
Event: 18.715 GC heap before
{Heap before GC invocations=22 (full 3):
 PSYoungGen      total 260608K, used 252629K [0x00000000e0000000, 0x00000000f3800000, 0x0000000100000000)
  eden space 229376K, 100% used [0x00000000e0000000,0x00000000ee000000,0x00000000ee000000)
  from space 31232K, 74% used [0x00000000f0180000,0x00000000f1835570,0x00000000f2000000)
  to   space 34304K, 0% used [0x00000000ee000000,0x00000000ee000000,0x00000000f0180000)
 ParOldGen       total 160256K, used 57646K [0x00000000a0000000, 0x00000000a9c80000, 0x00000000e0000000)
  object space 160256K, 35% used [0x00000000a0000000,0x00000000a384b810,0x00000000a9c80000)
 Metaspace       used 68936K, capacity 71164K, committed 71256K, reserved 1112064K
  class space    used 8838K, capacity 9324K, committed 9344K, reserved 1048576K
Event: 18.735 GC heap after
Heap after GC invocations=22 (full 3):
 PSYoungGen      total 263680K, used 20616K [0x00000000e0000000, 0x00000000f3800000, 0x0000000100000000)
  eden space 229376K, 0% used [0x00000000e0000000,0x00000000e0000000,0x00000000ee000000)
  from space 34304K, 60% used [0x00000000ee000000,0x00000000ef4221f0,0x00000000f0180000)
  to   space 31232K, 0% used [0x00000000f0180000,0x00000000f0180000,0x00000000f2000000)
 ParOldGen       total 160256K, used 62822K [0x00000000a0000000, 0x00000000a9c80000, 0x00000000e0000000)
  object space 160256K, 39% used [0x00000000a0000000,0x00000000a3d59810,0x00000000a9c80000)
 Metaspace       used 68936K, capacity 71164K, committed 71256K, reserved 1112064K
  class space    used 8838K, capacity 9324K, committed 9344K, reserved 1048576K
}
Event: 18.995 GC heap before
{Heap before GC invocations=23 (full 3):
 PSYoungGen      total 263680K, used 249992K [0x00000000e0000000, 0x00000000f3800000, 0x0000000100000000)
  eden space 229376K, 100% used [0x00000000e0000000,0x00000000ee000000,0x00000000ee000000)
  from space 34304K, 60% used [0x00000000ee000000,0x00000000ef4221f0,0x00000000f0180000)
  to   space 31232K, 0% used [0x00000000f0180000,0x00000000f0180000,0x00000000f2000000)
 ParOldGen       total 160256K, used 62822K [0x00000000a0000000, 0x00000000a9c80000, 0x00000000e0000000)
  object space 160256K, 39% used [0x00000000a0000000,0x00000000a3d59810,0x00000000a9c80000)
 Metaspace       used 68944K, capacity 71164K, committed 71256K, reserved 1112064K
  class space    used 8839K, capacity 9324K, committed 9344K, reserved 1048576K
Event: 19.019 GC heap after
Heap after GC invocations=23 (full 3):
 PSYoungGen      total 260608K, used 22205K [0x00000000e0000000, 0x00000000f3800000, 0x0000000100000000)
  eden space 229376K, 0% used [0x00000000e0000000,0x00000000e0000000,0x00000000ee000000)
  from space 31232K, 71% used [0x00000000f0180000,0x00000000f172f720,0x00000000f2000000)
  to   space 34304K, 0% used [0x00000000ee000000,0x00000000ee000000,0x00000000f0180000)
 ParOldGen       total 160256K, used 67366K [0x00000000a0000000, 0x00000000a9c80000, 0x00000000e0000000)
  object space 160256K, 42% used [0x00000000a0000000,0x00000000a41c9810,0x00000000a9c80000)
 Metaspace       used 68944K, capacity 71164K, committed 71256K, reserved 1112064K
  class space    used 8839K, capacity 9324K, committed 9344K, reserved 1048576K
}
Event: 19.335 GC heap before
{Heap before GC invocations=24 (full 3):
 PSYoungGen      total 260608K, used 251581K [0x00000000e0000000, 0x00000000f3800000, 0x0000000100000000)
  eden space 229376K, 100% used [0x00000000e0000000,0x00000000ee000000,0x00000000ee000000)
  from space 31232K, 71% used [0x00000000f0180000,0x00000000f172f720,0x00000000f2000000)
  to   space 34304K, 0% used [0x00000000ee000000,0x00000000ee000000,0x00000000f0180000)
 ParOldGen       total 160256K, used 67366K [0x00000000a0000000, 0x00000000a9c80000, 0x00000000e0000000)
  object space 160256K, 42% used [0x00000000a0000000,0x00000000a41c9810,0x00000000a9c80000)
 Metaspace       used 68989K, capacity 71176K, committed 71256K, reserved 1112064K
  class space    used 8843K, capacity 9326K, committed 9344K, reserved 1048576K
Event: 19.354 GC heap after
Heap after GC invocations=24 (full 3):
 PSYoungGen      total 263680K, used 10984K [0x00000000e0000000, 0x00000000f7000000, 0x0000000100000000)
  eden space 229376K, 0% used [0x00000000e0000000,0x00000000e0000000,0x00000000ee000000)
  from space 34304K, 32% used [0x00000000ee000000,0x00000000eeaba160,0x00000000f0180000)
  to   space 39936K, 0% used [0x00000000f4900000,0x00000000f4900000,0x00000000f7000000)
 ParOldGen       total 160256K, used 74174K [0x00000000a0000000, 0x00000000a9c80000, 0x00000000e0000000)
  object space 160256K, 46% used [0x00000000a0000000,0x00000000a486f960,0x00000000a9c80000)
 Metaspace       used 68989K, capacity 71176K, committed 71256K, reserved 1112064K
  class space    used 8843K, capacity 9326K, committed 9344K, reserved 1048576K
}
Event: 20.587 GC heap before
{Heap before GC invocations=25 (full 3):
 PSYoungGen      total 263680K, used 240360K [0x00000000e0000000, 0x00000000f7000000, 0x0000000100000000)
  eden space 229376K, 100% used [0x00000000e0000000,0x00000000ee000000,0x00000000ee000000)
  from space 34304K, 32% used [0x00000000ee000000,0x00000000eeaba160,0x00000000f0180000)
  to   space 39936K, 0% used [0x00000000f4900000,0x00000000f4900000,0x00000000f7000000)
 ParOldGen       total 160256K, used 74174K [0x00000000a0000000, 0x00000000a9c80000, 0x00000000e0000000)
  object space 160256K, 46% used [0x00000000a0000000,0x00000000a486f960,0x00000000a9c80000)
 Metaspace       used 69100K, capacity 71370K, committed 71640K, reserved 1112064K
  class space    used 8857K, capacity 9365K, committed 9472K, reserved 1048576K
Event: 20.602 GC heap after
Heap after GC invocations=25 (full 3):
 PSYoungGen      total 329728K, used 2624K [0x00000000e0000000, 0x00000000f6d80000, 0x0000000100000000)
  eden space 292352K, 0% used [0x00000000e0000000,0x00000000e0000000,0x00000000f1d80000)
  from space 37376K, 7% used [0x00000000f4900000,0x00000000f4b90000,0x00000000f6d80000)
  to   space 40960K, 0% used [0x00000000f1d80000,0x00000000f1d80000,0x00000000f4580000)
 ParOldGen       total 160256K, used 78206K [0x00000000a0000000, 0x00000000a9c80000, 0x00000000e0000000)
  object space 160256K, 48% used [0x00000000a0000000,0x00000000a4c5f960,0x00000000a9c80000)
 Metaspace       used 69100K, capacity 71370K, committed 71640K, reserved 1112064K
  class space    used 8857K, capacity 9365K, committed 9472K, reserved 1048576K
}

