# JRE version: OpenJDK Runtime Environment (8.0_152-b01) (build 1.8.0_152-release-1343-b01)
# Java VM: OpenJDK 64-Bit Server VM (25.152-b01 mixed mode windows-amd64 compressed oops)
Heap:
 PSYoungGen      total 356352K, used 125600K [0x00000000e0000000, 0x00000000f8400000, 0x0000000100000000)
  eden space 319488K, 30% used [0x00000000e0000000,0x00000000e5e31860,0x00000000f3800000)
  from space 36864K, 79% used [0x00000000f5f00000,0x00000000f7b76818,0x00000000f8300000)
  to   space 38912K, 0% used [0x00000000f3800000,0x00000000f3800000,0x00000000f5e00000)
 ParOldGen       total 232448K, used 72983K [0x00000000a0000000, 0x00000000ae300000, 0x00000000e0000000)
  object space 232448K, 31% used [0x00000000a0000000,0x00000000a4745c30,0x00000000ae300000)
 Metaspace       used 107696K, capacity 114430K, committed 114520K, reserved 1148928K
  class space    used 13507K, capacity 14904K, committed 14976K, reserved 1048576K
GC Heap History (10 events):
Event: 1107.092 GC heap before
{Heap before GC invocations=26 (full 3):
 PSYoungGen      total 345088K, used 344374K [0x00000000e0000000, 0x00000000f7e80000, 0x0000000100000000)
  eden space 321024K, 99% used [0x00000000e0000000,0x00000000f3920ea8,0x00000000f3980000)
  from space 24064K, 98% used [0x00000000f6700000,0x00000000f7e2cac8,0x00000000f7e80000)
  to   space 33280K, 0% used [0x00000000f3d80000,0x00000000f3d80000,0x00000000f5e00000)
 ParOldGen       total 144384K, used 77340K [0x00000000a0000000, 0x00000000a8d00000, 0x00000000e0000000)
  object space 144384K, 53% used [0x00000000a0000000,0x00000000a4b872b8,0x00000000a8d00000)
 Metaspace       used 86090K, capacity 90904K, committed 90968K, reserved 1128448K
  class space    used 10844K, capacity 11883K, committed 11904K, reserved 1048576K
Event: 1107.106 GC heap after
Heap after GC invocations=26 (full 3):
 PSYoungGen      total 327168K, used 17849K [0x00000000e0000000, 0x00000000f6e00000, 0x0000000100000000)
  eden space 309248K, 0% used [0x00000000e0000000,0x00000000e0000000,0x00000000f2e00000)
  from space 17920K, 99% used [0x00000000f3d80000,0x00000000f4eee4b8,0x00000000f4f00000)
  to   space 31744K, 0% used [0x00000000f4f00000,0x00000000f4f00000,0x00000000f6e00000)
 ParOldGen       total 144384K, used 77348K [0x00000000a0000000, 0x00000000a8d00000, 0x00000000e0000000)
  object space 144384K, 53% used [0x00000000a0000000,0x00000000a4b892b8,0x00000000a8d00000)
 Metaspace       used 86090K, capacity 90904K, committed 90968K, reserved 1128448K
  class space    used 10844K, capacity 11883K, committed 11904K, reserved 1048576K
}
Event: 1219.629 GC heap before
{Heap before GC invocations=27 (full 3):
 PSYoungGen      total 327168K, used 142750K [0x00000000e0000000, 0x00000000f6e00000, 0x0000000100000000)
  eden space 309248K, 40% used [0x00000000e0000000,0x00000000e79f9710,0x00000000f2e00000)
  from space 17920K, 99% used [0x00000000f3d80000,0x00000000f4eee4b8,0x00000000f4f00000)
  to   space 31744K, 0% used [0x00000000f4f00000,0x00000000f4f00000,0x00000000f6e00000)
 ParOldGen       total 144384K, used 77348K [0x00000000a0000000, 0x00000000a8d00000, 0x00000000e0000000)
  object space 144384K, 53% used [0x00000000a0000000,0x00000000a4b892b8,0x00000000a8d00000)
 Metaspace       used 92980K, capacity 98150K, committed 98264K, reserved 1134592K
  class space    used 11699K, capacity 12781K, committed 12800K, reserved 1048576K
Event: 1219.645 GC heap after
Heap after GC invocations=27 (full 3):
 PSYoungGen      total 319488K, used 21143K [0x00000000e0000000, 0x00000000f6400000, 0x0000000100000000)
  eden space 297984K, 0% used [0x00000000e0000000,0x00000000e0000000,0x00000000f2300000)
  from space 21504K, 98% used [0x00000000f4f00000,0x00000000f63a5f50,0x00000000f6400000)
  to   space 32768K, 0% used [0x00000000f2400000,0x00000000f2400000,0x00000000f4400000)
 ParOldGen       total 144384K, used 77375K [0x00000000a0000000, 0x00000000a8d00000, 0x00000000e0000000)
  object space 144384K, 53% used [0x00000000a0000000,0x00000000a4b8ff08,0x00000000a8d00000)
 Metaspace       used 92980K, capacity 98150K, committed 98264K, reserved 1134592K
  class space    used 11699K, capacity 12781K, committed 12800K, reserved 1048576K
}
Event: 1219.645 GC heap before
{Heap before GC invocations=28 (full 4):
 PSYoungGen      total 319488K, used 21143K [0x00000000e0000000, 0x00000000f6400000, 0x0000000100000000)
  eden space 297984K, 0% used [0x00000000e0000000,0x00000000e0000000,0x00000000f2300000)
  from space 21504K, 98% used [0x00000000f4f00000,0x00000000f63a5f50,0x00000000f6400000)
  to   space 32768K, 0% used [0x00000000f2400000,0x00000000f2400000,0x00000000f4400000)
 ParOldGen       total 144384K, used 77375K [0x00000000a0000000, 0x00000000a8d00000, 0x00000000e0000000)
  object space 144384K, 53% used [0x00000000a0000000,0x00000000a4b8ff08,0x00000000a8d00000)
 Metaspace       used 92980K, capacity 98150K, committed 98264K, reserved 1134592K
  class space    used 11699K, capacity 12781K, committed 12800K, reserved 1048576K
Event: 1219.828 GC heap after
Heap after GC invocations=28 (full 4):
 PSYoungGen      total 319488K, used 0K [0x00000000e0000000, 0x00000000f6400000, 0x0000000100000000)
  eden space 297984K, 0% used [0x00000000e0000000,0x00000000e0000000,0x00000000f2300000)
  from space 21504K, 0% used [0x00000000f4f00000,0x00000000f4f00000,0x00000000f6400000)
  to   space 32768K, 0% used [0x00000000f2400000,0x00000000f2400000,0x00000000f4400000)
 ParOldGen       total 232448K, used 72967K [0x00000000a0000000, 0x00000000ae300000, 0x00000000e0000000)
  object space 232448K, 31% used [0x00000000a0000000,0x00000000a4741c30,0x00000000ae300000)
 Metaspace       used 92798K, capacity 97682K, committed 98264K, reserved 1134592K
  class space    used 11641K, capacity 12669K, committed 12800K, reserved 1048576K
}
Event: 1236.393 GC heap before
{Heap before GC invocations=29 (full 4):
 PSYoungGen      total 319488K, used 297984K [0x00000000e0000000, 0x00000000f6400000, 0x0000000100000000)
  eden space 297984K, 100% used [0x00000000e0000000,0x00000000f2300000,0x00000000f2300000)
  from space 21504K, 0% used [0x00000000f4f00000,0x00000000f4f00000,0x00000000f6400000)
  to   space 32768K, 0% used [0x00000000f2400000,0x00000000f2400000,0x00000000f4400000)
 ParOldGen       total 232448K, used 72967K [0x00000000a0000000, 0x00000000ae300000, 0x00000000e0000000)
  object space 232448K, 31% used [0x00000000a0000000,0x00000000a4741c30,0x00000000ae300000)
 Metaspace       used 103449K, capacity 109552K, committed 109656K, reserved 1144832K
  class space    used 12979K, capacity 14197K, committed 14208K, reserved 1048576K
Event: 1236.423 GC heap after
Heap after GC invocations=29 (full 4):
 PSYoungGen      total 331776K, used 31141K [0x00000000e0000000, 0x00000000f8300000, 0x0000000100000000)
  eden space 299008K, 0% used [0x00000000e0000000,0x00000000e0000000,0x00000000f2400000)
  from space 32768K, 95% used [0x00000000f2400000,0x00000000f4269708,0x00000000f4400000)
  to   space 36864K, 0% used [0x00000000f5f00000,0x00000000f5f00000,0x00000000f8300000)
 ParOldGen       total 232448K, used 72975K [0x00000000a0000000, 0x00000000ae300000, 0x00000000e0000000)
  object space 232448K, 31% used [0x00000000a0000000,0x00000000a4743c30,0x00000000ae300000)
 Metaspace       used 103449K, capacity 109552K, committed 109656K, reserved 1144832K
  class space    used 12979K, capacity 14197K, committed 14208K, reserved 1048576K
}
Event: 1366.254 GC heap before
{Heap before GC invocations=30 (full 4):
 PSYoungGen      total 331776K, used 330149K [0x00000000e0000000, 0x00000000f8300000, 0x0000000100000000)
  eden space 299008K, 100% used [0x00000000e0000000,0x00000000f2400000,0x00000000f2400000)
  from space 32768K, 95% used [0x00000000f2400000,0x00000000f4269708,0x00000000f4400000)
  to   space 36864K, 0% used [0x00000000f5f00000,0x00000000f5f00000,0x00000000f8300000)
 ParOldGen       total 232448K, used 72975K [0x00000000a0000000, 0x00000000ae300000, 0x00000000e0000000)
  object space 232448K, 31% used [0x00000000a0000000,0x00000000a4743c30,0x00000000ae300000)
 Metaspace       used 107246K, capacity 113744K, committed 113880K, reserved 1148928K
  class space    used 13449K, capacity 14835K, committed 14848K, reserved 1048576K
Event: 1366.301 GC heap after
Heap after GC invocations=30 (full 4):
 PSYoungGen      total 356352K, used 29146K [0x00000000e0000000, 0x00000000f8400000, 0x0000000100000000)
  eden space 319488K, 0% used [0x00000000e0000000,0x00000000e0000000,0x00000000f3800000)
  from space 36864K, 79% used [0x00000000f5f00000,0x00000000f7b76818,0x00000000f8300000)
  to   space 38912K, 0% used [0x00000000f3800000,0x00000000f3800000,0x00000000f5e00000)
 ParOldGen       total 232448K, used 72983K [0x00000000a0000000, 0x00000000ae300000, 0x00000000e0000000)
  object space 232448K, 31% used [0x00000000a0000000,0x00000000a4745c30,0x00000000ae300000)
 Metaspace       used 107246K, capacity 113744K, committed 113880K, reserved 1148928K
  class space    used 13449K, capacity 14835K, committed 14848K, reserved 1048576K
}

